{
  "stats": {
    "suites": 1,
    "tests": 1,
    "passes": 1,
    "pending": 0,
    "failures": 0,
    "start": "2023-02-22T19:32:54.712Z",
    "end": "2023-02-22T19:33:02.784Z",
    "duration": 8072,
    "testsRegistered": 1,
    "passPercent": 100,
    "pendingPercent": 0,
    "other": 0,
    "hasOther": false,
    "skipped": 0,
    "hasSkipped": false
  },
  "results": [
    {
      "uuid": "9e7df20e-697e-43ae-8b72-4d2ccda26658",
      "title": "",
      "fullFile": "cypress\\e2e\\pruebita.cy.js",
      "file": "cypress\\e2e\\pruebita.cy.js",
      "beforeHooks": [],
      "afterHooks": [],
      "tests": [],
      "suites": [
        {
          "uuid": "7077a57c-81a4-475a-b6fa-bae5f6d12605",
          "title": "Test case to search something",
          "fullFile": "",
          "file": "",
          "beforeHooks": [],
          "afterHooks": [],
          "tests": [
            {
              "title": "Search Apple",
              "fullTitle": "Test case to search something Search Apple",
              "timedOut": null,
              "duration": 5644,
              "state": "passed",
              "speed": "medium",
              "pass": true,
              "fail": false,
              "pending": false,
              "context": null,
              "code": "cy.visit('https://google.es');\ncy.get('[id=\"L2AGLb\"]').click();\ncy.get('input[name=\"q\"]').type(\"Apple{enter}\");\ncy.get('#result-stats').then($element => {\n  const txt = $element.text();\n  const numtxt = txt.replace(/\\D/g, \"\");\n  const num = Number(numtxt);\n  expect(num).to.be.greaterThan(100000);\n  expect(num).to.not.be.lessThan(10000);\n});",
              "err": {},
              "uuid": "ed309724-6012-46a4-b0e7-f7ac89125fca",
              "parentUUID": "7077a57c-81a4-475a-b6fa-bae5f6d12605",
              "isHook": false,
              "skipped": false
            }
          ],
          "suites": [],
          "passes": [
            "ed309724-6012-46a4-b0e7-f7ac89125fca"
          ],
          "failures": [],
          "pending": [],
          "skipped": [],
          "duration": 5644,
          "root": false,
          "rootEmpty": false,
          "_timeout": 2000
        }
      ],
      "passes": [],
      "failures": [],
      "pending": [],
      "skipped": [],
      "duration": 0,
      "root": true,
      "rootEmpty": true,
      "_timeout": 2000
    }
  ],
  "meta": {
    "mocha": {
      "version": "7.0.1"
    },
    "mochawesome": {
      "options": {
        "quiet": false,
        "reportFilename": "mochawesome",
        "saveHtml": false,
        "saveJson": true,
        "consoleReporter": "spec",
        "useInlineDiffs": false,
        "code": true
      },
      "version": "7.1.3"
    },
    "marge": {
      "options": {
        "reportDir": "cypress/results",
        "overwrite": false,
        "html": false,
        "json": true
      },
      "version": "6.2.0"
    }
  }
}