{
  "stats": {
    "suites": 1,
    "tests": 1,
    "passes": 1,
    "pending": 0,
    "failures": 0,
    "start": "2023-02-22T19:22:20.235Z",
    "end": "2023-02-22T19:22:25.998Z",
    "duration": 5763,
    "testsRegistered": 1,
    "passPercent": 100,
    "pendingPercent": 0,
    "other": 0,
    "hasOther": false,
    "skipped": 0,
    "hasSkipped": false
  },
  "results": [
    {
      "uuid": "bc55609a-8e0a-42f3-a48b-77135cb2a2a2",
      "title": "",
      "fullFile": "cypress\\e2e\\pruebita.cy.js",
      "file": "cypress\\e2e\\pruebita.cy.js",
      "beforeHooks": [],
      "afterHooks": [],
      "tests": [],
      "suites": [
        {
          "uuid": "3d3a6680-b79a-4e75-b3a2-31af0d7848e2",
          "title": "Test case to search something",
          "fullFile": "",
          "file": "",
          "beforeHooks": [],
          "afterHooks": [],
          "tests": [
            {
              "title": "Search Apple",
              "fullTitle": "Test case to search something Search Apple",
              "timedOut": null,
              "duration": 3942,
              "state": "passed",
              "speed": "fast",
              "pass": true,
              "fail": false,
              "pending": false,
              "context": null,
              "code": "cy.visit('https://google.es');\ncy.get('[id=\"L2AGLb\"]').click();\ncy.get('input[name=\"q\"]').type(\"Apple{enter}\");\ncy.get('#result-stats').then($element => {\n  const txt = $element.text();\n  const numtxt = txt.replace(/\\D/g, \"\");\n  const num = Number(numtxt);\n  expect(num).to.be.greaterThan(100000);\n  expect(num).to.not.be.lessThan(10000);\n});",
              "err": {},
              "uuid": "d2eaf9dc-a69f-4236-93e8-db7507be7162",
              "parentUUID": "3d3a6680-b79a-4e75-b3a2-31af0d7848e2",
              "isHook": false,
              "skipped": false
            }
          ],
          "suites": [],
          "passes": [
            "d2eaf9dc-a69f-4236-93e8-db7507be7162"
          ],
          "failures": [],
          "pending": [],
          "skipped": [],
          "duration": 3942,
          "root": false,
          "rootEmpty": false,
          "_timeout": 2000
        }
      ],
      "passes": [],
      "failures": [],
      "pending": [],
      "skipped": [],
      "duration": 0,
      "root": true,
      "rootEmpty": true,
      "_timeout": 2000
    }
  ],
  "meta": {
    "mocha": {
      "version": "7.0.1"
    },
    "mochawesome": {
      "options": {
        "quiet": false,
        "reportFilename": "mochawesome",
        "saveHtml": false,
        "saveJson": true,
        "consoleReporter": "spec",
        "useInlineDiffs": false,
        "code": true
      },
      "version": "7.1.3"
    },
    "marge": {
      "options": {
        "reportDir": "cypress/results",
        "overwrite": false,
        "html": false,
        "json": true
      },
      "version": "6.2.0"
    }
  }
}